<?xml version="1.0" encoding="UTF-8"?>
<!-- Generated by org.testng.reporters.JUnitXMLReporter -->
<testsuite hostname="INBASDLP04438" name="Academytest.ValidateTitle" tests="1" failures="1" timestamp="24 Jul 2021 19:11:51 GMT" time="11.264" errors="0">
  <testcase name="validateAppTitle" time="0.044" classname="Academytest.ValidateTitle">
    <failure type="org.junit.ComparisonFailure" message="expected:&amp;lt;FEATURED COURSE[]S&amp;gt; but was:&amp;lt;FEATURED COURSE[123]S&amp;gt;">
      <![CDATA[org.junit.ComparisonFailure: expected:<FEATURED COURSE[]S> but was:<FEATURED COURSE[123]S>
	at org.junit.Assert.assertEquals(Assert.java:115)
	at org.junit.Assert.assertEquals(Assert.java:144)
	at Academytest.ValidateTitle.validateAppTitle(ValidateTitle.java:40)
... Removed 24 stack frames]]>
    </failure>
  </testcase> <!-- validateAppTitle -->
</testsuite> <!-- Academytest.ValidateTitle -->
