<?xml version="1.0" encoding="UTF-8"?>
<!-- Generated by org.testng.reporters.JUnitXMLReporter -->
<testsuite hostname="INBASDLP04438" name="Test" tests="4" failures="0" timestamp="24 Jul 2021 13:34:07 GMT" time="42.497" errors="0">
  <testcase name="basePageNavigation" time="7.01" classname="Academytest.HomePage"/>
  <testcase name="basePageNavigation" time="4.381" classname="Academytest.HomePage"/>
  <testcase name="basePageNavigation" time="0.082" classname="Academytest.ValidateTitle"/>
  <testcase name="basePageNavigation" time="0.275" classname="Academytest.ValidateNavigationBar"/>
</testsuite> <!-- Test -->
