<?xml version="1.0" encoding="UTF-8"?>
<testng-results skipped="0" failed="1" total="4" passed="3">
  <reporter-output>
  </reporter-output>
  <suite name="Suite" duration-ms="46430" started-at="2021-07-24T19:11:04Z" finished-at="2021-07-24T19:11:51Z">
    <groups>
    </groups>
    <test name="HomePapage" duration-ms="23458" started-at="2021-07-24T19:11:04Z" finished-at="2021-07-24T19:11:28Z">
      <class name="Academytest.HomePage">
        <test-method status="PASS" signature="initialization()[pri:0, instance:Academytest.HomePage@7fd50002]" name="initialization" is-config="true" duration-ms="11709" started-at="2021-07-25T00:41:04Z" finished-at="2021-07-25T00:41:16Z">
          <reporter-output>
          </reporter-output>
        </test-method> <!-- initialization -->
        <test-method status="PASS" signature="basePageNavigation(java.lang.String, java.lang.String)[pri:0, instance:Academytest.HomePage@7fd50002]" name="basePageNavigation" duration-ms="5983" started-at="2021-07-25T00:41:16Z" data-provider="getData" finished-at="2021-07-25T00:41:22Z">
          <params>
            <param index="0">
              <value>
                <![CDATA[nonrestricteduser@we.com]]>
              </value>
            </param>
            <param index="1">
              <value>
                <![CDATA[1234]]>
              </value>
            </param>
          </params>
          <reporter-output>
          </reporter-output>
        </test-method> <!-- basePageNavigation -->
        <test-method status="PASS" signature="basePageNavigation(java.lang.String, java.lang.String)[pri:0, instance:Academytest.HomePage@7fd50002]" name="basePageNavigation" duration-ms="3345" started-at="2021-07-25T00:41:22Z" data-provider="getData" finished-at="2021-07-25T00:41:25Z">
          <params>
            <param index="0">
              <value>
                <![CDATA[resticteduser@rr.com]]>
              </value>
            </param>
            <param index="1">
              <value>
                <![CDATA[1246788]]>
              </value>
            </param>
          </params>
          <reporter-output>
          </reporter-output>
        </test-method> <!-- basePageNavigation -->
        <test-method status="PASS" signature="tearDown()[pri:0, instance:Academytest.HomePage@7fd50002]" name="tearDown" is-config="true" duration-ms="2400" started-at="2021-07-25T00:41:25Z" finished-at="2021-07-25T00:41:28Z">
          <reporter-output>
          </reporter-output>
        </test-method> <!-- tearDown -->
      </class> <!-- Academytest.HomePage -->
    </test> <!-- HomePapage -->
    <test name="Academytest.ValidateNavigationBar" duration-ms="11660" started-at="2021-07-24T19:11:28Z" finished-at="2021-07-24T19:11:39Z">
      <class name="Academytest.ValidateNavigationBar">
        <test-method status="PASS" signature="initialization()[pri:0, instance:Academytest.ValidateNavigationBar@239a307b]" name="initialization" is-config="true" duration-ms="9422" started-at="2021-07-25T00:41:28Z" finished-at="2021-07-25T00:41:37Z">
          <reporter-output>
          </reporter-output>
        </test-method> <!-- initialization -->
        <test-method status="PASS" signature="basePageNavigation()[pri:0, instance:Academytest.ValidateNavigationBar@239a307b]" name="basePageNavigation" duration-ms="91" started-at="2021-07-25T00:41:37Z" finished-at="2021-07-25T00:41:37Z">
          <reporter-output>
          </reporter-output>
        </test-method> <!-- basePageNavigation -->
        <test-method status="PASS" signature="tearDown()[pri:0, instance:Academytest.ValidateNavigationBar@239a307b]" name="tearDown" is-config="true" duration-ms="2145" started-at="2021-07-25T00:41:37Z" finished-at="2021-07-25T00:41:39Z">
          <reporter-output>
          </reporter-output>
        </test-method> <!-- tearDown -->
      </class> <!-- Academytest.ValidateNavigationBar -->
    </test> <!-- Academytest.ValidateNavigationBar -->
    <test name="Academytest.ValidateTitle" duration-ms="11264" started-at="2021-07-24T19:11:39Z" finished-at="2021-07-24T19:11:51Z">
      <class name="Academytest.ValidateTitle">
        <test-method status="PASS" signature="initialization()[pri:0, instance:Academytest.ValidateTitle@17bffc17]" name="initialization" is-config="true" duration-ms="8625" started-at="2021-07-25T00:41:39Z" finished-at="2021-07-25T00:41:48Z">
          <reporter-output>
          </reporter-output>
        </test-method> <!-- initialization -->
        <test-method status="FAIL" signature="validateAppTitle()[pri:0, instance:Academytest.ValidateTitle@17bffc17]" name="validateAppTitle" duration-ms="44" started-at="2021-07-25T00:41:48Z" finished-at="2021-07-25T00:41:48Z">
          <exception class="org.junit.ComparisonFailure">
            <message>
              <![CDATA[expected:<FEATURED COURSE[]S> but was:<FEATURED COURSE[123]S>]]>
            </message>
            <full-stacktrace>
              <![CDATA[org.junit.ComparisonFailure: expected:<FEATURED COURSE[]S> but was:<FEATURED COURSE[123]S>
	at org.junit.Assert.assertEquals(Assert.java:115)
	at org.junit.Assert.assertEquals(Assert.java:144)
	at Academytest.ValidateTitle.validateAppTitle(ValidateTitle.java:40)
	at sun.reflect.NativeMethodAccessorImpl.invoke0(Native Method)
	at sun.reflect.NativeMethodAccessorImpl.invoke(Unknown Source)
	at sun.reflect.DelegatingMethodAccessorImpl.invoke(Unknown Source)
	at java.lang.reflect.Method.invoke(Unknown Source)
	at org.testng.internal.MethodInvocationHelper.invokeMethod(MethodInvocationHelper.java:80)
	at org.testng.internal.Invoker.invokeMethod(Invoker.java:714)
	at org.testng.internal.Invoker.invokeTestMethod(Invoker.java:901)
	at org.testng.internal.Invoker.invokeTestMethods(Invoker.java:1231)
	at org.testng.internal.TestMethodWorker.invokeTestMethods(TestMethodWorker.java:127)
	at org.testng.internal.TestMethodWorker.run(TestMethodWorker.java:111)
	at org.testng.TestRunner.privateRun(TestRunner.java:767)
	at org.testng.TestRunner.run(TestRunner.java:617)
	at org.testng.SuiteRunner.runTest(SuiteRunner.java:334)
	at org.testng.SuiteRunner.runSequentially(SuiteRunner.java:329)
	at org.testng.SuiteRunner.privateRun(SuiteRunner.java:291)
	at org.testng.SuiteRunner.run(SuiteRunner.java:240)
	at org.testng.SuiteRunnerWorker.runSuite(SuiteRunnerWorker.java:52)
	at org.testng.SuiteRunnerWorker.run(SuiteRunnerWorker.java:86)
	at org.testng.TestNG.runSuitesSequentially(TestNG.java:1198)
	at org.testng.TestNG.runSuitesLocally(TestNG.java:1123)
	at org.testng.TestNG.run(TestNG.java:1031)
	at org.testng.remote.AbstractRemoteTestNG.run(AbstractRemoteTestNG.java:132)
	at org.testng.remote.RemoteTestNG.initAndRun(RemoteTestNG.java:236)
	at org.testng.remote.RemoteTestNG.main(RemoteTestNG.java:81)
]]>
            </full-stacktrace>
          </exception> <!-- org.junit.ComparisonFailure -->
          <reporter-output>
          </reporter-output>
        </test-method> <!-- validateAppTitle -->
        <test-method status="PASS" signature="tearDown()[pri:0, instance:Academytest.ValidateTitle@17bffc17]" name="tearDown" is-config="true" duration-ms="2267" started-at="2021-07-25T00:41:48Z" finished-at="2021-07-25T00:41:51Z">
          <reporter-output>
          </reporter-output>
        </test-method> <!-- tearDown -->
      </class> <!-- Academytest.ValidateTitle -->
    </test> <!-- Academytest.ValidateTitle -->
  </suite> <!-- Suite -->
</testng-results>
